Arguments: 
  C:\Program Files (x86)\nodejs\node.exe C:\Users\Patrik Manlig\AppData\Roaming\npm\node_modules\yarn\bin\yarn.js start

PATH: 
  C:\Program Files (x86)\NVIDIA Corporation\PhysX\Common;C:\Program Files (x86)\Common Files\Oracle\Java\javapath;C:\ProgramData\Oracle\Java\javapath;C:\Program Files (x86)\Intel\iCLS Client\;C:\Program Files\Intel\iCLS Client\;C:\Windows\system32;C:\Windows;C:\Windows\System32\Wbem;C:\Windows\System32\WindowsPowerShell\v1.0\;C:\Program Files\Intel\Intel(R) Management Engine Components\DAL;C:\Program Files (x86)\Intel\Intel(R) Management Engine Components\DAL;C:\Program Files\Intel\Intel(R) Management Engine Components\IPT;C:\Program Files (x86)\Intel\Intel(R) Management Engine Components\IPT;C:\Program Files\WIDCOMM\Bluetooth Software\;C:\Program Files\WIDCOMM\Bluetooth Software\syswow64;C:\Program Files (x86)\ATI Technologies\ATI.ACE\Core-Static;C:\Program Files (x86)\AMD\ATI.ACE\Core-Static;C:\Program Files\Microsoft SQL Server\120\Tools\Binn\;C:\Program Files\Microsoft SQL Server\130\Tools\Binn\;C:\Program Files\Git\cmd;C:\Program Files\Microsoft VS Code\bin;C:\Program Files\dotnet\;C:\Program Files (x86)\nodejs\;C:\Program Files\Microsoft VS Code\bin;C:\Users\Patrik Manlig\AppData\Local\Programs\Microsoft VS Code\bin;C:\Users\Patrik Manlig\AppData\Roaming\npm

Yarn version: 
  1.5.1

Node version: 
  10.14.2

Platform: 
  win32 x64

npm manifest: 
  No manifest

yarn manifest: 
  No manifest

Lockfile: 
  No lockfile

Trace: 
  Error: Couldn't find a package.json file in "C:\\Users\\Patrik Manlig\\projects\\aoc2018"
      at new MessageError (C:\Users\Patrik Manlig\AppData\Roaming\npm\node_modules\yarn\lib\cli.js:186:110)
      at C:\Users\Patrik Manlig\AppData\Roaming\npm\node_modules\yarn\lib\cli.js:40048:15
      at Generator.next (<anonymous>)
      at step (C:\Users\Patrik Manlig\AppData\Roaming\npm\node_modules\yarn\lib\cli.js:98:30)
      at C:\Users\Patrik Manlig\AppData\Roaming\npm\node_modules\yarn\lib\cli.js:109:13
